<?xml version="1.0" encoding="utf-8"?><testsuites name="pytest tests"><testsuite name="pytest" errors="0" failures="0" skipped="0" tests="8" time="32.203" timestamp="2026-09-13T14:50:42.523108+00:00" hostname="agent-env-a1c94ed8-f9bc-4672-b4b2-9bbe64b5233b"><testcase classname="backend.tests.test_guardrail.TestStatusRegression" name="test_status_ok" time="0.180" /><testcase classname="backend.tests.test_guardrail.TestGuardrailRefusal" name="test_refuses_out_of_scope[what is today's date?]" time="6.676" /><testcase classname="backend.tests.test_guardrail.TestGuardrailRefusal" name="test_refuses_out_of_scope[tell me a joke]" time="3.683" /><testcase classname="backend.tests.test_guardrail.TestGuardrailRefusal" name="test_refuses_out_of_scope[write me some python code]" time="4.115" /><testcase classname="backend.tests.test_guardrail.TestGuardrailInScope" name="test_locked_account_answered" time="5.346" /><testcase classname="backend.tests.test_guardrail.TestGuardrailInScope" name="test_db_restore_answered" time="4.194" /><testcase classname="backend.tests.test_guardrail.TestStreamingSSE" name="test_stream_in_scope" time="3.456" /><testcase classname="backend.tests.test_guardrail.TestStreamingSSE" name="test_stream_out_of_scope_refusal" time="4.488" /></testsuite></testsuites>