<?xml version="1.0" encoding="utf-8"?><testsuites name="pytest tests"><testsuite name="pytest" errors="0" failures="0" skipped="0" tests="7" time="37.016" timestamp="2026-09-13T13:23:40.375369+00:00" hostname="agent-env-a1c94ed8-f9bc-4672-b4b2-9bbe64b5233b"><testcase classname="backend.tests.test_api_endpoints.TestStatus" name="test_status_shape" time="0.180" /><testcase classname="backend.tests.test_api_endpoints.TestIngest" name="test_ingest_all_idempotent" time="0.249" /><testcase classname="backend.tests.test_api_endpoints.TestChat" name="test_chat_globalprotect" time="12.146" /><testcase classname="backend.tests.test_api_endpoints.TestChat" name="test_chat_incident_crashloop" time="6.636" /><testcase classname="backend.tests.test_api_endpoints.TestChat" name="test_chat_source_filter_servicenow" time="6.364" /><testcase classname="backend.tests.test_api_endpoints.TestChat" name="test_chat_live_open_incident" time="5.696" /><testcase classname="backend.tests.test_api_endpoints.TestHistory" name="test_history_after_chat" time="5.679" /></testsuite></testsuites>